Using pre-set license
Built from '2021.3/staging' branch; Version is '2021.3.22f1 (b6c551784ba3) revision 11978065'; Using compiler version '192829333'; Build Type 'Release'
OS: 'Windows 10  (10.0.19045) 64bit Professional' Language: 'ru' Physical Memory: 16313 MB
BatchMode: 1, IsHumanControllingUs: 0, StartBugReporterOnCrash: 0, Is64bit: 1, IsPro: 1

COMMAND LINE ARGUMENTS:
C:\Program Files\Unity\Hub\Editor\2021.3.22f1\Editor\Unity.exe
-adb2
-batchMode
-noUpm
-name
AssetImportWorker2
-projectPath
E:/Unity primer/IT_Academy/LessonsITAcademy/Lesson_7_Horror
-logFile
Logs/AssetImportWorker2.log
-srvPort
49838
Successfully changed project path to: E:/Unity primer/IT_Academy/LessonsITAcademy/Lesson_7_Horror
E:/Unity primer/IT_Academy/LessonsITAcademy/Lesson_7_Horror
[UnityMemory] Configuration Parameters - Can be set up in boot.config
    "memorysetup-bucket-allocator-granularity=16"
    "memorysetup-bucket-allocator-bucket-count=8"
    "memorysetup-bucket-allocator-block-size=33554432"
    "memorysetup-bucket-allocator-block-count=8"
    "memorysetup-main-allocator-block-size=16777216"
    "memorysetup-thread-allocator-block-size=16777216"
    "memorysetup-gfx-main-allocator-block-size=16777216"
    "memorysetup-gfx-thread-allocator-block-size=16777216"
    "memorysetup-cache-allocator-block-size=4194304"
    "memorysetup-typetree-allocator-block-size=2097152"
    "memorysetup-profiler-bucket-allocator-granularity=16"
    "memorysetup-profiler-bucket-allocator-bucket-count=8"
    "memorysetup-profiler-bucket-allocator-block-size=33554432"
    "memorysetup-profiler-bucket-allocator-block-count=8"
    "memorysetup-profiler-allocator-block-size=16777216"
    "memorysetup-profiler-editor-allocator-block-size=1048576"
    "memorysetup-temp-allocator-size-main=16777216"
    "memorysetup-job-temp-allocator-block-size=2097152"
    "memorysetup-job-temp-allocator-block-size-background=1048576"
    "memorysetup-job-temp-allocator-reduction-small-platforms=262144"
    "memorysetup-temp-allocator-size-background-worker=32768"
    "memorysetup-temp-allocator-size-job-worker=262144"
    "memorysetup-temp-allocator-size-preload-manager=33554432"
    "memorysetup-temp-allocator-size-nav-mesh-worker=65536"
    "memorysetup-temp-allocator-size-audio-worker=65536"
    "memorysetup-temp-allocator-size-cloud-worker=32768"
    "memorysetup-temp-allocator-size-gi-baking-worker=262144"
    "memorysetup-temp-allocator-size-gfx=262144"
Player connection [20504] Host "[IP] 192.168.100.9 [Port] 0 [Flags] 2 [Guid] 2769733840 [EditorId] 2769733840 [Version] 1048832 [Id] WindowsEditor(7,DESKTOP-5T761T6) [Debug] 1 [PackageName] WindowsEditor [ProjectName] Editor" joined multi-casting on [225.0.0.222:54997]...

Player connection [20504] Host "[IP] 192.168.100.9 [Port] 0 [Flags] 2 [Guid] 2769733840 [EditorId] 2769733840 [Version] 1048832 [Id] WindowsEditor(7,DESKTOP-5T761T6) [Debug] 1 [PackageName] WindowsEditor [ProjectName] Editor" joined alternative multi-casting on [225.0.0.222:34997]...

Refreshing native plugins compatible for Editor in 92.85 ms, found 3 plugins.
Preloading 0 native plugins for Editor in 0.00 ms.
Initialize engine version: 2021.3.22f1 (b6c551784ba3)
[Subsystems] Discovering subsystems at path C:/Program Files/Unity/Hub/Editor/2021.3.22f1/Editor/Data/Resources/UnitySubsystems
[Subsystems] Discovering subsystems at path E:/Unity primer/IT_Academy/LessonsITAcademy/Lesson_7_Horror/Assets
GfxDevice: creating device client; threaded=0; jobified=0
Direct3D:
    Version:  Direct3D 11.0 [level 11.1]
    Renderer: NVIDIA GeForce GTX 1660 (ID=0x2184)
    Vendor:   NVIDIA
    VRAM:     5980 MB
    Driver:   31.0.15.3141
Initialize mono
Mono path[0] = 'C:/Program Files/Unity/Hub/Editor/2021.3.22f1/Editor/Data/Managed'
Mono path[1] = 'C:/Program Files/Unity/Hub/Editor/2021.3.22f1/Editor/Data/MonoBleedingEdge/lib/mono/unityjit-win32'
Mono config path = 'C:/Program Files/Unity/Hub/Editor/2021.3.22f1/Editor/Data/MonoBleedingEdge/etc'
Using monoOptions --debugger-agent=transport=dt_socket,embedding=1,server=y,suspend=n,address=127.0.0.1:56048
Begin MonoManager ReloadAssembly
Registering precompiled unity dll's ...
Register platform support module: C:/Program Files/Unity/Hub/Editor/2021.3.22f1/Editor/Data/PlaybackEngines/WebGLSupport/UnityEditor.WebGL.Extensions.dll
Register platform support module: C:/Program Files/Unity/Hub/Editor/2021.3.22f1/Editor/Data/PlaybackEngines/AndroidPlayer/UnityEditor.Android.Extensions.dll
Register platform support module: C:/Program Files/Unity/Hub/Editor/2021.3.22f1/Editor/Data/PlaybackEngines/WindowsStandaloneSupport/UnityEditor.WindowsStandalone.Extensions.dll
Registered in 0.007054 seconds.
Native extension for WindowsStandalone target not found
Native extension for Android target not found
Android Extension - Scanning For ADB Devices 292 ms
Native extension for WebGL target not found
Refreshing native plugins compatible for Editor in 90.25 ms, found 3 plugins.
Preloading 0 native plugins for Editor in 0.00 ms.
Mono: successfully reloaded assembly
- Completed reload, in  1.237 seconds
Domain Reload Profiling:
	ReloadAssembly (1237ms)
		BeginReloadAssembly (93ms)
			ExecutionOrderSort (0ms)
			DisableScriptedObjects (0ms)
			BackupInstance (0ms)
			ReleaseScriptingObjects (0ms)
			CreateAndSetChildDomain (8ms)
		EndReloadAssembly (920ms)
			LoadAssemblies (84ms)
			RebuildTransferFunctionScriptingTraits (0ms)
			SetupTypeCache (255ms)
			ReleaseScriptCaches (0ms)
			RebuildScriptCaches (27ms)
			SetupLoadedEditorAssemblies (590ms)
				LogAssemblyErrors (0ms)
				InitializePlatformSupportModulesInManaged (355ms)
				SetLoadedEditorAssemblies (0ms)
				RefreshPlugins (90ms)
				BeforeProcessingInitializeOnLoad (1ms)
				ProcessInitializeOnLoadAttributes (85ms)
				ProcessInitializeOnLoadMethodAttributes (58ms)
				AfterProcessingInitializeOnLoad (0ms)
				EditorAssembliesLoaded (0ms)
			ExecutionOrderSort2 (0ms)
			AwakeInstancesAfterBackupRestoration (0ms)
Platform modules already initialized, skipping
Registering precompiled user dll's ...
Registered in 0.002919 seconds.
Begin MonoManager ReloadAssembly
Symbol file LoadedFromMemory doesn't match image E:\Unity primer\IT_Academy\LessonsITAcademy\Lesson_7_Horror\Library\PackageCache\com.unity.visualscripting@1.8.0\Editor\VisualScripting.Core\Dependencies\YamlDotNet\Unity.VisualScripting.YamlDotNet.dll
Symbol file LoadedFromMemory doesn't match image E:\Unity primer\IT_Academy\LessonsITAcademy\Lesson_7_Horror\Library\PackageCache\com.unity.visualscripting@1.8.0\Editor\VisualScripting.Core\Dependencies\DotNetZip\Unity.VisualScripting.IonicZip.dll
Native extension for WindowsStandalone target not found
Native extension for Android target not found
Native extension for WebGL target not found
Refreshing native plugins compatible for Editor in 0.53 ms, found 3 plugins.
Preloading 0 native plugins for Editor in 0.00 ms.
Mono: successfully reloaded assembly
- Completed reload, in  1.070 seconds
Domain Reload Profiling:
	ReloadAssembly (1071ms)
		BeginReloadAssembly (115ms)
			ExecutionOrderSort (0ms)
			DisableScriptedObjects (6ms)
			BackupInstance (0ms)
			ReleaseScriptingObjects (0ms)
			CreateAndSetChildDomain (18ms)
		EndReloadAssembly (855ms)
			LoadAssemblies (85ms)
			RebuildTransferFunctionScriptingTraits (0ms)
			SetupTypeCache (338ms)
			ReleaseScriptCaches (1ms)
			RebuildScriptCaches (52ms)
			SetupLoadedEditorAssemblies (358ms)
				LogAssemblyErrors (0ms)
				InitializePlatformSupportModulesInManaged (18ms)
				SetLoadedEditorAssemblies (0ms)
				RefreshPlugins (1ms)
				BeforeProcessingInitializeOnLoad (83ms)
				ProcessInitializeOnLoadAttributes (228ms)
				ProcessInitializeOnLoadMethodAttributes (22ms)
				AfterProcessingInitializeOnLoad (6ms)
				EditorAssembliesLoaded (0ms)
			ExecutionOrderSort2 (0ms)
			AwakeInstancesAfterBackupRestoration (5ms)
Platform modules already initialized, skipping
========================================================================
Worker process is ready to serve import requests
Launched and connected shader compiler UnityShaderCompiler.exe after 0.10 seconds
Refreshing native plugins compatible for Editor in 0.51 ms, found 3 plugins.
Preloading 0 native plugins for Editor in 0.00 ms.
Unloading 3226 Unused Serialized files (Serialized files now loaded: 0)
Unloading 37 unused Assets / (184.6 KB). Loaded Objects now: 3692.
Memory consumption went from 117.0 MB to 116.8 MB.
Total: 2.697900 ms (FindLiveObjects: 0.243900 ms CreateObjectMapping: 0.228400 ms MarkObjects: 2.126400 ms  DeleteObjects: 0.098500 ms)

AssetImportParameters requested are different than current active one (requested -> active):
  custom:video-decoder-ogg-theora: a1e56fd34408186e4bbccfd4996cb3dc -> 
  custom:container-muxer-webm: aa71ff27fc2769a1b78a27578f13a17b -> 
  custom:container-demuxer-webm: 4f35f7cbe854078d1ac9338744f61a02 -> 
  custom:video-encoder-webm-vp8: eb34c28f22e8b96e1ab97ce403110664 -> 
  custom:audio-encoder-webm-vorbis: bf7c407c2cedff20999df2af8eb42d56 -> 
  custom:framework-win-MediaFoundation: 216162199b28c13a410421893ffa2e32 -> 
  custom:container-demuxer-ogg: 62fdf1f143b41e24485cea50d1cbac27 -> 
  custom:video-decoder-webm-vp8: 9c59270c3fd7afecdb556c50c9e8de78 -> 
  custom:audio-decoder-ogg-vorbis: bf7c407c2cedff20999df2af8eb42d56 -> 
========================================================================
Received Import Request.
  Time since last request: 14789.167133 seconds.
  path: Assets/RPG&Fantasy Mobile GUI/titles/title_06.png
  artifactKey: Guid(60fcc39daa126e226af67124d695d6d6) Importer(815301076,1909f56bfc062723c751e8b465ee728b)
Start importing Assets/RPG&Fantasy Mobile GUI/titles/title_06.png using Guid(60fcc39daa126e226af67124d695d6d6) Importer(815301076,1909f56bfc062723c751e8b465ee728b)  -> (artifact id: 'c8e3de01146261585e3a4e4d8b0f0456') in 0.194137 seconds 
========================================================================
Received Import Request.
  Time since last request: 0.654329 seconds.
  path: Assets/RPG&Fantasy Mobile GUI/symbols/symbol_01.png
  artifactKey: Guid(40139d4cad125c883a16bfb95a3d86b3) Importer(815301076,1909f56bfc062723c751e8b465ee728b)
Start importing Assets/RPG&Fantasy Mobile GUI/symbols/symbol_01.png using Guid(40139d4cad125c883a16bfb95a3d86b3) Importer(815301076,1909f56bfc062723c751e8b465ee728b)  -> (artifact id: '81147cf51928628d4709229736d38d5d') in 0.069817 seconds 
========================================================================
Received Import Request.
  Time since last request: 0.000025 seconds.
  path: Assets/RPG&Fantasy Mobile GUI/symbols/symbol_08.png
  artifactKey: Guid(81f85634f34ca3219b7946047e977425) Importer(815301076,1909f56bfc062723c751e8b465ee728b)
Start importing Assets/RPG&Fantasy Mobile GUI/symbols/symbol_08.png using Guid(81f85634f34ca3219b7946047e977425) Importer(815301076,1909f56bfc062723c751e8b465ee728b)  -> (artifact id: 'e801aff882569f94a62a1c10816857a5') in 0.131824 seconds 
========================================================================
Received Import Request.
  Time since last request: 0.893336 seconds.
  path: Assets/RPG&Fantasy Mobile GUI/symbols/number_05.png
  artifactKey: Guid(b59f8053c345273739d1693f2f983b9e) Importer(815301076,1909f56bfc062723c751e8b465ee728b)
Start importing Assets/RPG&Fantasy Mobile GUI/symbols/number_05.png using Guid(b59f8053c345273739d1693f2f983b9e) Importer(815301076,1909f56bfc062723c751e8b465ee728b)  -> (artifact id: '091454f94a45be9e0d7ee6ca7fd85685') in 0.061320 seconds 
========================================================================
Received Import Request.
  Time since last request: 0.000018 seconds.
  path: Assets/RPG&Fantasy Mobile GUI/symbols/number_10.png
  artifactKey: Guid(79c8fbe9d10b0d9cd94998f5b6ac066a) Importer(815301076,1909f56bfc062723c751e8b465ee728b)
Start importing Assets/RPG&Fantasy Mobile GUI/symbols/number_10.png using Guid(79c8fbe9d10b0d9cd94998f5b6ac066a) Importer(815301076,1909f56bfc062723c751e8b465ee728b)  -> (artifact id: 'f6f570d0e3e0e859821cd97088af7250') in 0.052691 seconds 
========================================================================
Received Import Request.
  Time since last request: 0.000019 seconds.
  path: Assets/RPG&Fantasy Mobile GUI/symbols/number_02.png
  artifactKey: Guid(0f139f628fe7ce529a7aa6083122414d) Importer(815301076,1909f56bfc062723c751e8b465ee728b)
Start importing Assets/RPG&Fantasy Mobile GUI/symbols/number_02.png using Guid(0f139f628fe7ce529a7aa6083122414d) Importer(815301076,1909f56bfc062723c751e8b465ee728b)  -> (artifact id: '6c34600dda6e4193c706d867a360cb1c') in 0.049033 seconds 
========================================================================
Received Import Request.
  Time since last request: 0.000017 seconds.
  path: Assets/RPG&Fantasy Mobile GUI/symbols/number_08.png
  artifactKey: Guid(64f324131674f2a3ebc600d3e3faec52) Importer(815301076,1909f56bfc062723c751e8b465ee728b)
Start importing Assets/RPG&Fantasy Mobile GUI/symbols/number_08.png using Guid(64f324131674f2a3ebc600d3e3faec52) Importer(815301076,1909f56bfc062723c751e8b465ee728b)  -> (artifact id: '116d9ec2a2d48dd68295e3b86ec62d8c') in 0.035304 seconds 
========================================================================
Received Import Request.
  Time since last request: 0.066695 seconds.
  path: Assets/RPG&Fantasy Mobile GUI/icons/icon_32.png
  artifactKey: Guid(37fffb7c14ef47af58678c36e249ba35) Importer(815301076,1909f56bfc062723c751e8b465ee728b)
Start importing Assets/RPG&Fantasy Mobile GUI/icons/icon_32.png using Guid(37fffb7c14ef47af58678c36e249ba35) Importer(815301076,1909f56bfc062723c751e8b465ee728b)  -> (artifact id: '3de8f987c831010cf69e5353e29de535') in 0.033858 seconds 
========================================================================
Received Import Request.
  Time since last request: 0.000017 seconds.
  path: Assets/RPG&Fantasy Mobile GUI/icons/icon_35.png
  artifactKey: Guid(6be88b7a28614692ea309fd3d5c229fb) Importer(815301076,1909f56bfc062723c751e8b465ee728b)
Start importing Assets/RPG&Fantasy Mobile GUI/icons/icon_35.png using Guid(6be88b7a28614692ea309fd3d5c229fb) Importer(815301076,1909f56bfc062723c751e8b465ee728b)  -> (artifact id: '83c287b2b0b630f57aa89ef61cd449ee') in 0.035081 seconds 
========================================================================
Received Import Request.
  Time since last request: 0.800910 seconds.
  path: Assets/RPG&Fantasy Mobile GUI/buttons/button_pressed_29.png
  artifactKey: Guid(293027e02e5dda2a4b054a0ef7e07608) Importer(815301076,1909f56bfc062723c751e8b465ee728b)
Start importing Assets/RPG&Fantasy Mobile GUI/buttons/button_pressed_29.png using Guid(293027e02e5dda2a4b054a0ef7e07608) Importer(815301076,1909f56bfc062723c751e8b465ee728b)  -> (artifact id: 'eb4cc49520326280bd5f425df50072e7') in 0.019058 seconds 
========================================================================
Received Import Request.
  Time since last request: 0.000019 seconds.
  path: Assets/RPG&Fantasy Mobile GUI/buttons/button_pressed_26.png
  artifactKey: Guid(a204e947d75a7ef7e9f8367b165dda7b) Importer(815301076,1909f56bfc062723c751e8b465ee728b)
Start importing Assets/RPG&Fantasy Mobile GUI/buttons/button_pressed_26.png using Guid(a204e947d75a7ef7e9f8367b165dda7b) Importer(815301076,1909f56bfc062723c751e8b465ee728b)  -> (artifact id: 'ead46bd0d90e568b30d8d160ced30081') in 0.037710 seconds 
========================================================================
Received Import Request.
  Time since last request: 0.000016 seconds.
  path: Assets/RPG&Fantasy Mobile GUI/buttons/button_pressed_35.png
  artifactKey: Guid(35c49272f179f575e8f04819cf5a0229) Importer(815301076,1909f56bfc062723c751e8b465ee728b)
Start importing Assets/RPG&Fantasy Mobile GUI/buttons/button_pressed_35.png using Guid(35c49272f179f575e8f04819cf5a0229) Importer(815301076,1909f56bfc062723c751e8b465ee728b)  -> (artifact id: 'e52fd778f7792a2c9f36a0acd7b7f9c8') in 0.018923 seconds 
========================================================================
Received Import Request.
  Time since last request: 0.000021 seconds.
  path: Assets/RPG&Fantasy Mobile GUI/buttons/button_pressed_12.png
  artifactKey: Guid(5a862bee92a9d960983624512046b957) Importer(815301076,1909f56bfc062723c751e8b465ee728b)
Start importing Assets/RPG&Fantasy Mobile GUI/buttons/button_pressed_12.png using Guid(5a862bee92a9d960983624512046b957) Importer(815301076,1909f56bfc062723c751e8b465ee728b)  -> (artifact id: 'f552e63fbb960a8c65e2faedce967617') in 0.016280 seconds 
========================================================================
Received Import Request.
  Time since last request: 0.000018 seconds.
  path: Assets/RPG&Fantasy Mobile GUI/buttons/button_pressed_05.png
  artifactKey: Guid(5abbf79d5e0bc5f14ae559c8433e0106) Importer(815301076,1909f56bfc062723c751e8b465ee728b)
Start importing Assets/RPG&Fantasy Mobile GUI/buttons/button_pressed_05.png using Guid(5abbf79d5e0bc5f14ae559c8433e0106) Importer(815301076,1909f56bfc062723c751e8b465ee728b)  -> (artifact id: 'bdff496d16f2767aac836e815370ed4f') in 0.243434 seconds 
========================================================================
Received Import Request.
  Time since last request: 0.000022 seconds.
  path: Assets/RPG&Fantasy Mobile GUI/buttons/button_pressed_25.png
  artifactKey: Guid(800a2b12d5178f8c6b9d586e1da0890c) Importer(815301076,1909f56bfc062723c751e8b465ee728b)
Start importing Assets/RPG&Fantasy Mobile GUI/buttons/button_pressed_25.png using Guid(800a2b12d5178f8c6b9d586e1da0890c) Importer(815301076,1909f56bfc062723c751e8b465ee728b)  -> (artifact id: '232866dd2244922ee940edc9ea58a238') in 0.017880 seconds 
========================================================================
Received Import Request.
  Time since last request: 0.000029 seconds.
  path: Assets/RPG&Fantasy Mobile GUI/buttons/button_pressed_27.png
  artifactKey: Guid(eac44b138abca337ea7ac88d3c763510) Importer(815301076,1909f56bfc062723c751e8b465ee728b)
Start importing Assets/RPG&Fantasy Mobile GUI/buttons/button_pressed_27.png using Guid(eac44b138abca337ea7ac88d3c763510) Importer(815301076,1909f56bfc062723c751e8b465ee728b)  -> (artifact id: '7327cab43ca96b6475ed215adf5f065f') in 0.019623 seconds 
========================================================================
Received Import Request.
  Time since last request: 0.000016 seconds.
  path: Assets/RPG&Fantasy Mobile GUI/buttons/button_pressed_08.png
  artifactKey: Guid(3c14fecfa2ffdcfc992c67dcb0db77ae) Importer(815301076,1909f56bfc062723c751e8b465ee728b)
Start importing Assets/RPG&Fantasy Mobile GUI/buttons/button_pressed_08.png using Guid(3c14fecfa2ffdcfc992c67dcb0db77ae) Importer(815301076,1909f56bfc062723c751e8b465ee728b)  -> (artifact id: '2dbeec56e408b661a57dbf7f0c0ffa98') in 0.107191 seconds 
========================================================================
Received Import Request.
  Time since last request: 1.004396 seconds.
  path: Assets/RPG&Fantasy Mobile GUI/buttons/button_32.png
  artifactKey: Guid(a15c7568193b02880bd90afb66ab07bc) Importer(815301076,1909f56bfc062723c751e8b465ee728b)
Start importing Assets/RPG&Fantasy Mobile GUI/buttons/button_32.png using Guid(a15c7568193b02880bd90afb66ab07bc) Importer(815301076,1909f56bfc062723c751e8b465ee728b)  -> (artifact id: 'dfa61e7fb3ddb409c332b988a29f83fc') in 0.019360 seconds 
Editor requested this worker to shutdown with reason: Scaling down because of idle timeout
AssetImportWorker is now disconnected from the server
Process exiting
Exiting without the bug reporter. Application will terminate with return code 0